0 info it worked if it ends with ok
1 verbose cli [ '/usr/local/bin/node', '/usr/local/bin/npm', 'run', 'babel' ]
2 info using npm@3.10.10
3 info using node@v6.11.2
4 verbose run-script [ 'prebabel', 'babel', 'postbabel' ]
5 info lifecycle projeto1@1.0.0~prebabel: projeto1@1.0.0
6 silly lifecycle projeto1@1.0.0~prebabel: no script for prebabel, continuing
7 info lifecycle projeto1@1.0.0~babel: projeto1@1.0.0
8 verbose lifecycle projeto1@1.0.0~babel: unsafe-perm in lifecycle true
9 verbose lifecycle projeto1@1.0.0~babel: PATH: /usr/local/lib/node_modules/npm/bin/node-gyp-bin:/Users/gabrielaalmeida/Documents/01 -Insper/6 Semestre/Megadados/Projeto1/Projeto1_BigData_BusinessLayer/node_modules/.bin:/Users/gabrielaalmeida/anaconda/bin:/usr/bin:/bin:/usr/sbin:/sbin:/usr/local/bin:/opt/X11/bin
10 verbose lifecycle projeto1@1.0.0~babel: CWD: /Users/gabrielaalmeida/Documents/01 -Insper/6 Semestre/Megadados/Projeto1/Projeto1_BigData_BusinessLayer
11 silly lifecycle projeto1@1.0.0~babel: Args: [ '-c', 'babel-node server.js' ]
12 silly lifecycle projeto1@1.0.0~babel: Returned: code: 1  signal: null
13 info lifecycle projeto1@1.0.0~babel: Failed to exec babel script
14 verbose stack Error: projeto1@1.0.0 babel: `babel-node server.js`
14 verbose stack Exit status 1
14 verbose stack     at EventEmitter.<anonymous> (/usr/local/lib/node_modules/npm/lib/utils/lifecycle.js:255:16)
14 verbose stack     at emitTwo (events.js:106:13)
14 verbose stack     at EventEmitter.emit (events.js:191:7)
14 verbose stack     at ChildProcess.<anonymous> (/usr/local/lib/node_modules/npm/lib/utils/spawn.js:40:14)
14 verbose stack     at emitTwo (events.js:106:13)
14 verbose stack     at ChildProcess.emit (events.js:191:7)
14 verbose stack     at maybeClose (internal/child_process.js:891:16)
14 verbose stack     at Process.ChildProcess._handle.onexit (internal/child_process.js:226:5)
15 verbose pkgid projeto1@1.0.0
16 verbose cwd /Users/gabrielaalmeida/Documents/01 -Insper/6 Semestre/Megadados/Projeto1/Projeto1_BigData_BusinessLayer
17 error Darwin 16.7.0
18 error argv "/usr/local/bin/node" "/usr/local/bin/npm" "run" "babel"
19 error node v6.11.2
20 error npm  v3.10.10
21 error code ELIFECYCLE
22 error projeto1@1.0.0 babel: `babel-node server.js`
22 error Exit status 1
23 error Failed at the projeto1@1.0.0 babel script 'babel-node server.js'.
23 error Make sure you have the latest version of node.js and npm installed.
23 error If you do, this is most likely a problem with the projeto1 package,
23 error not with npm itself.
23 error Tell the author that this fails on your system:
23 error     babel-node server.js
23 error You can get information on how to open an issue for this project with:
23 error     npm bugs projeto1
23 error Or if that isn't available, you can get their info via:
23 error     npm owner ls projeto1
23 error There is likely additional logging output above.
24 verbose exit [ 1, true ]
